<?xml version="1.0" encoding="utf-8" standalone="no"?>
<test-run id="2" testcasecount="2" result="Passed" total="2" passed="2" failed="0" inconclusive="0" skipped="0" asserts="2" engine-version="3.8.0.0" clr-version="4.0.30319.42000" start-time="2018-09-10 15:56:59Z" end-time="2018-09-10 15:57:57Z" duration="57.227217">
  <command-line><![CDATA["C:\Users\Sreenath\Downloads\NUnit\nunit3-console.exe"  SeleniumNUnitDemo/bin/Debug/SeleniumNUnitDemo.dll]]></command-line>
  <test-suite type="Assembly" id="0-1003" name="SeleniumNUnitDemo.dll" fullname="C:\Program Files (x86)\Jenkins\workspace\SeleniumNUnitDemo\SeleniumNUnitDemo\bin\Debug\SeleniumNUnitDemo.dll" runstate="Runnable" testcasecount="2" result="Passed" start-time="2018-09-10 15:57:03Z" end-time="2018-09-10 15:57:56Z" duration="53.055856" total="2" passed="2" failed="0" warnings="0" inconclusive="0" skipped="0" asserts="2">
    <environment framework-version="3.10.1.0" clr-version="4.0.30319.42000" os-version="Microsoft Windows NT 10.0.17134.0" platform="Win32NT" cwd="C:\Program Files (x86)\Jenkins\workspace\SeleniumNUnitDemo" machine-name="DESKTOP-25FM1FO" user="SYSTEM" user-domain="WORKGROUP" culture="en-US" uiculture="en-US" os-architecture="x64" />
    <settings>
      <setting name="DisposeRunners" value="True" />
      <setting name="WorkDirectory" value="C:\Program Files (x86)\Jenkins\workspace\SeleniumNUnitDemo" />
      <setting name="ImageRuntimeVersion" value="4.0.30319" />
      <setting name="ImageTargetFrameworkName" value=".NETFramework,Version=v4.6.1" />
      <setting name="ImageRequiresX86" value="False" />
      <setting name="ImageRequiresDefaultAppDomainAssemblyResolver" value="False" />
      <setting name="NumberOfTestWorkers" value="4" />
    </settings>
    <properties>
      <property name="_PID" value="10116" />
      <property name="_APPDOMAIN" value="domain-" />
    </properties>
    <test-suite type="TestSuite" id="0-1004" name="SeleniumNUnitDemo" fullname="SeleniumNUnitDemo" runstate="Runnable" testcasecount="2" result="Passed" start-time="2018-09-10 15:57:03Z" end-time="2018-09-10 15:57:56Z" duration="53.016834" total="2" passed="2" failed="0" warnings="0" inconclusive="0" skipped="0" asserts="2">
      <test-suite type="TestFixture" id="0-1000" name="BrowserTest" fullname="SeleniumNUnitDemo.BrowserTest" classname="SeleniumNUnitDemo.BrowserTest" runstate="Runnable" testcasecount="2" result="Passed" start-time="2018-09-10 15:57:03Z" end-time="2018-09-10 15:57:56Z" duration="53.007410" total="2" passed="2" failed="0" warnings="0" inconclusive="0" skipped="0" asserts="2">
        <test-case id="0-1002" name="ExecuteAutomationTest" fullname="SeleniumNUnitDemo.BrowserTest.ExecuteAutomationTest" methodname="ExecuteAutomationTest" classname="SeleniumNUnitDemo.BrowserTest" runstate="Runnable" seed="1226655058" result="Passed" start-time="2018-09-10 15:57:03Z" end-time="2018-09-10 15:57:37Z" duration="34.010118" asserts="1" />
        <test-case id="0-1001" name="GoogleTest" fullname="SeleniumNUnitDemo.BrowserTest.GoogleTest" methodname="GoogleTest" classname="SeleniumNUnitDemo.BrowserTest" runstate="Runnable" seed="918501222" result="Passed" start-time="2018-09-10 15:57:37Z" end-time="2018-09-10 15:57:56Z" duration="18.878992" asserts="1" />
      </test-suite>
    </test-suite>
  </test-suite>
</test-run>